<?xml version="1.0" encoding="UTF-8"?>
<!-- Generated by org.testng.reporters.JUnitXMLReporter -->
<testsuite hostname="MaryPC" ignored="0" name="MavenJava" tests="6" failures="0" timestamp="05 Mar 2020 07:17:06 GMT" time="0.028" errors="0">
  <testcase name="DeleteTwitter" time="0.005" classname="com.fvsware.RESTAPITest"/>
  <testcase name="PostJira" time="0.0" classname="com.fvsware.RESTAPITest"/>
  <testcase name="BrowserAutomation" time="0.0" classname="com.fvsware.SeleniumTest"/>
  <testcase name="ElementUi" time="0.0" classname="com.fvsware.SeleniumTest"/>
  <testcase name="IOSAps" time="0.0" classname="com.fvsware.AppiumTest"/>
  <testcase name="NativeApAndroid" time="0.0" classname="com.fvsware.AppiumTest"/>
</testsuite> <!-- MavenJava -->
