<?xml version="1.0" encoding="UTF-8"?>
<testng-results skipped="0" failed="0" ignored="0" total="6" passed="6">
  <reporter-output>
  </reporter-output>
  <suite name="Default Suite" duration-ms="28" started-at="2020-03-05T07:17:06Z" finished-at="2020-03-05T07:17:06Z">
    <groups>
    </groups>
    <test name="MavenJava" duration-ms="28" started-at="2020-03-05T07:17:06Z" finished-at="2020-03-05T07:17:06Z">
      <class name="com.fvsware.AppiumTest">
        <test-method status="PASS" signature="IOSAps()[pri:0, instance:com.fvsware.AppiumTest@13a57a3b]" name="IOSAps" duration-ms="0" started-at="2020-03-05T07:17:06Z" finished-at="2020-03-05T07:17:06Z">
          <reporter-output>
          </reporter-output>
        </test-method> <!-- IOSAps -->
        <test-method status="PASS" signature="NativeApAndroid()[pri:0, instance:com.fvsware.AppiumTest@13a57a3b]" name="NativeApAndroid" duration-ms="0" started-at="2020-03-05T07:17:06Z" finished-at="2020-03-05T07:17:06Z">
          <reporter-output>
          </reporter-output>
        </test-method> <!-- NativeApAndroid -->
      </class> <!-- com.fvsware.AppiumTest -->
      <class name="com.fvsware.SeleniumTest">
        <test-method status="PASS" signature="BrowserAutomation()[pri:0, instance:com.fvsware.SeleniumTest@69d9c55]" name="BrowserAutomation" duration-ms="0" started-at="2020-03-05T07:17:06Z" finished-at="2020-03-05T07:17:06Z">
          <reporter-output>
          </reporter-output>
        </test-method> <!-- BrowserAutomation -->
        <test-method status="PASS" signature="ElementUi()[pri:0, instance:com.fvsware.SeleniumTest@69d9c55]" name="ElementUi" duration-ms="0" started-at="2020-03-05T07:17:06Z" finished-at="2020-03-05T07:17:06Z">
          <reporter-output>
          </reporter-output>
        </test-method> <!-- ElementUi -->
      </class> <!-- com.fvsware.SeleniumTest -->
      <class name="com.fvsware.RESTAPITest">
        <test-method status="PASS" signature="DeleteTwitter()[pri:0, instance:com.fvsware.RESTAPITest@7f560810]" name="DeleteTwitter" duration-ms="5" started-at="2020-03-05T07:17:06Z" finished-at="2020-03-05T07:17:06Z">
          <reporter-output>
          </reporter-output>
        </test-method> <!-- DeleteTwitter -->
        <test-method status="PASS" signature="PostJira()[pri:0, instance:com.fvsware.RESTAPITest@7f560810]" name="PostJira" duration-ms="0" started-at="2020-03-05T07:17:06Z" finished-at="2020-03-05T07:17:06Z">
          <reporter-output>
          </reporter-output>
        </test-method> <!-- PostJira -->
      </class> <!-- com.fvsware.RESTAPITest -->
    </test> <!-- MavenJava -->
  </suite> <!-- Default Suite -->
</testng-results>
