<?xml version="1.0" encoding="UTF-8"?>
<testsuite xmlns:xsi="http://www.w3.org/2001/XMLSchema-instance" xsi:noNamespaceSchemaLocation="https://maven.apache.org/surefire/maven-surefire-plugin/xsd/surefire-test-report-3.0.xsd" version="3.0" name="TestSuite" time="0.653" tests="6" errors="0" skipped="0" failures="0">
  <properties>
[...]
</properties>
  <testcase name="DeleteTwitter" classname="com.fvsware.RESTAPITest" time="0.006"/>
  <testcase name="PostJira" classname="com.fvsware.RESTAPITest" time="0"/>
  <testcase name="BrowserAutomation" classname="com.fvsware.SeleniumTest" time="0.001"/>
  <testcase name="ElementUi" classname="com.fvsware.SeleniumTest" time="0"/>
  <testcase name="IOSAps" classname="com.fvsware.AppiumTest" time="0"/>
  <testcase name="NativeApAndroid" classname="com.fvsware.AppiumTest" time="0"/>
</testsuite>